Start testing: Jan 22 23:48 CST
----------------------------------------------------------
1/1 Testing: timer_tests
1/1 Test: timer_tests
Command: "/home/wsl2/code/c++/timer/build/timer_tests"
Directory: /home/wsl2/code/c++/timer/build
"timer_tests" start time: Jan 22 23:48 CST
Output:
----------------------------------------------------------
[OK] test_once_after_basic
[OK] test_cancel_once
[OK] test_periodic_and_cancel
[OK] test_multi_tasks_order_not_strict_but_all_fire
All passed.
<end of output>
Test time =   1.94 sec
----------------------------------------------------------
Test Passed.
"timer_tests" end time: Jan 22 23:48 CST
"timer_tests" time elapsed: 00:00:01
----------------------------------------------------------

End testing: Jan 22 23:48 CST
